<?xml version="1.0" encoding="UTF-8"?>
<testng-results skipped="0" failed="0" ignored="0" total="1" passed="1">
  <reporter-output>
  </reporter-output>
  <suite name="Suite" duration-ms="69288" started-at="2020-05-29T17:09:12Z" finished-at="2020-05-29T17:10:21Z">
    <groups>
    </groups>
    <test name="Test" duration-ms="69288" started-at="2020-05-29T17:09:12Z" finished-at="2020-05-29T17:10:21Z">
      <class name="com.script.MavenActitime.TestActitime">
        <test-method status="PASS" signature="openbrowser()[pri:0, instance:com.script.MavenActitime.TestActitime@13c27452]" name="openbrowser" is-config="true" duration-ms="36484" started-at="2020-05-29T17:09:12Z" finished-at="2020-05-29T17:09:49Z">
          <reporter-output>
          </reporter-output>
        </test-method> <!-- openbrowser -->
        <test-method status="PASS" signature="login()[pri:0, instance:com.script.MavenActitime.TestActitime@13c27452]" name="login" duration-ms="28623" started-at="2020-05-29T17:09:49Z" finished-at="2020-05-29T17:10:17Z">
          <reporter-output>
          </reporter-output>
        </test-method> <!-- login -->
        <test-method status="PASS" signature="closeBrowser()[pri:0, instance:com.script.MavenActitime.TestActitime@13c27452]" name="closeBrowser" is-config="true" duration-ms="3962" started-at="2020-05-29T17:10:17Z" finished-at="2020-05-29T17:10:21Z">
          <reporter-output>
          </reporter-output>
        </test-method> <!-- closeBrowser -->
      </class> <!-- com.script.MavenActitime.TestActitime -->
    </test> <!-- Test -->
  </suite> <!-- Suite -->
</testng-results>
